<?xml version="1.0" encoding="UTF-8"?>
<!-- Generated by org.testng.reporters.JUnitReportReporter -->
<testsuite hostname="DESKTOP-CKO2VDS" name="testpackage.testClass" tests="1" failures="1" timestamp="26 Jun 2020 16:44:17 GMT" time="6.411" errors="0">
  <testcase name="test" time="6.411" classname="testpackage.testClass">
    <failure type="org.openqa.selenium.WebDriverException" message="unknown error: cannot find Chrome binary
Build info: version: &#039;3.141.59&#039;, revision: &#039;e82be7d358&#039;, time: &#039;2018-11-14T08:17:03&#039;
System info: host: &#039;DESKTOP-CKO2VDS&#039;, ip: &#039;192.168.56.1&#039;, os.name: &#039;Windows 10&#039;, os.arch: &#039;amd64&#039;, os.version: &#039;10.0&#039;, java.version: &#039;1.8.0_211&#039;
Driver info: driver.version: ChromeDriver
remote stacktrace: Backtrace:
	Ordinal0 [0x005A87E3+2852835]
	Ordinal0 [0x00495BB1+1727409]
	Ordinal0 [0x0036E4B9+517305]
	Ordinal0 [0x002FCA98+51864]
	Ordinal0 [0x0031D9F7+186871]
	Ordinal0 [0x0031D7FD+186365]
	Ordinal0 [0x0031B70B+177931]
	Ordinal0 [0x00302584+75140]
	Ordinal0 [0x00303650+79440]
	Ordinal0 [0x003035E9+79337]
	Ordinal0 [0x004AAD5C+1813852]
	GetHandleVerifier [0x006CC616+1075574]
	GetHandleVerifier [0x006CC367+1074887]
	GetHandleVerifier [0x006D7497+1120247]
	GetHandleVerifier [0x006CCC16+1077110]
	Ordinal0 [0x004A3206+1782278]
	Ordinal0 [0x004AC3BB+1819579]
	Ordinal0 [0x004AC523+1819939]
	Ordinal0 [0x004C2B45+1911621]
	BaseThreadInitThunk [0x76E28674+36]
	RtlGetAppContainerNamedObjectPath [0x77265E17+311]
	RtlGetAppContainerNamedObjectPath [0x77265DE7+263]
">
      <![CDATA[org.openqa.selenium.WebDriverException: unknown error: cannot find Chrome binary
Build info: version: '3.141.59', revision: 'e82be7d358', time: '2018-11-14T08:17:03'
System info: host: 'DESKTOP-CKO2VDS', ip: '192.168.56.1', os.name: 'Windows 10', os.arch: 'amd64', os.version: '10.0', java.version: '1.8.0_211'
Driver info: driver.version: ChromeDriver
remote stacktrace: Backtrace:
	Ordinal0 [0x005A87E3+2852835]
	Ordinal0 [0x00495BB1+1727409]
	Ordinal0 [0x0036E4B9+517305]
	Ordinal0 [0x002FCA98+51864]
	Ordinal0 [0x0031D9F7+186871]
	Ordinal0 [0x0031D7FD+186365]
	Ordinal0 [0x0031B70B+177931]
	Ordinal0 [0x00302584+75140]
	Ordinal0 [0x00303650+79440]
	Ordinal0 [0x003035E9+79337]
	Ordinal0 [0x004AAD5C+1813852]
	GetHandleVerifier [0x006CC616+1075574]
	GetHandleVerifier [0x006CC367+1074887]
	GetHandleVerifier [0x006D7497+1120247]
	GetHandleVerifier [0x006CCC16+1077110]
	Ordinal0 [0x004A3206+1782278]
	Ordinal0 [0x004AC3BB+1819579]
	Ordinal0 [0x004AC523+1819939]
	Ordinal0 [0x004C2B45+1911621]
	BaseThreadInitThunk [0x76E28674+36]
	RtlGetAppContainerNamedObjectPath [0x77265E17+311]
	RtlGetAppContainerNamedObjectPath [0x77265DE7+263]

	at sun.reflect.NativeConstructorAccessorImpl.newInstance0(Native Method)
	at sun.reflect.NativeConstructorAccessorImpl.newInstance(Unknown Source)
	at sun.reflect.DelegatingConstructorAccessorImpl.newInstance(Unknown Source)
	at java.lang.reflect.Constructor.newInstance(Unknown Source)
	at org.openqa.selenium.remote.W3CHandshakeResponse.lambda$errorHandler$0(W3CHandshakeResponse.java:62)
	at org.openqa.selenium.remote.HandshakeResponse.lambda$getResponseFunction$0(HandshakeResponse.java:30)
	at org.openqa.selenium.remote.ProtocolHandshake.lambda$createSession$0(ProtocolHandshake.java:126)
	at java.util.stream.ReferencePipeline$3$1.accept(Unknown Source)
	at java.util.Spliterators$ArraySpliterator.tryAdvance(Unknown Source)
	at java.util.stream.ReferencePipeline.forEachWithCancel(Unknown Source)
	at java.util.stream.AbstractPipeline.copyIntoWithCancel(Unknown Source)
	at java.util.stream.AbstractPipeline.copyInto(Unknown Source)
	at java.util.stream.AbstractPipeline.wrapAndCopyInto(Unknown Source)
	at java.util.stream.FindOps$FindOp.evaluateSequential(Unknown Source)
	at java.util.stream.AbstractPipeline.evaluate(Unknown Source)
	at java.util.stream.ReferencePipeline.findFirst(Unknown Source)
	at org.openqa.selenium.remote.ProtocolHandshake.createSession(ProtocolHandshake.java:128)
	at org.openqa.selenium.remote.ProtocolHandshake.createSession(ProtocolHandshake.java:74)
	at org.openqa.selenium.remote.HttpCommandExecutor.execute(HttpCommandExecutor.java:136)
	at org.openqa.selenium.remote.service.DriverCommandExecutor.execute(DriverCommandExecutor.java:83)
	at org.openqa.selenium.remote.RemoteWebDriver.execute(RemoteWebDriver.java:552)
	at org.openqa.selenium.remote.RemoteWebDriver.startSession(RemoteWebDriver.java:213)
	at org.openqa.selenium.remote.RemoteWebDriver.<init>(RemoteWebDriver.java:131)
	at org.openqa.selenium.chrome.ChromeDriver.<init>(ChromeDriver.java:181)
	at org.openqa.selenium.chrome.ChromeDriver.<init>(ChromeDriver.java:168)
	at org.openqa.selenium.chrome.ChromeDriver.<init>(ChromeDriver.java:123)
	at testpackage.testClass.test(testClass.java:18)
	at sun.reflect.NativeMethodAccessorImpl.invoke0(Native Method)
	at sun.reflect.NativeMethodAccessorImpl.invoke(Unknown Source)
	at sun.reflect.DelegatingMethodAccessorImpl.invoke(Unknown Source)
	at java.lang.reflect.Method.invoke(Unknown Source)
	at org.testng.internal.MethodInvocationHelper.invokeMethod(MethodInvocationHelper.java:84)
	at org.testng.internal.Invoker.invokeMethod(Invoker.java:714)
	at org.testng.internal.Invoker.invokeTestMethod(Invoker.java:901)
	at org.testng.internal.Invoker.invokeTestMethods(Invoker.java:1231)
	at org.testng.internal.TestMethodWorker.invokeTestMethods(TestMethodWorker.java:127)
	at org.testng.internal.TestMethodWorker.run(TestMethodWorker.java:111)
	at org.testng.TestRunner.privateRun(TestRunner.java:767)
	at org.testng.TestRunner.run(TestRunner.java:617)
	at org.testng.SuiteRunner.runTest(SuiteRunner.java:348)
	at org.testng.SuiteRunner.runSequentially(SuiteRunner.java:343)
	at org.testng.SuiteRunner.privateRun(SuiteRunner.java:305)
	at org.testng.SuiteRunner.run(SuiteRunner.java:254)
	at org.testng.SuiteRunnerWorker.runSuite(SuiteRunnerWorker.java:52)
	at org.testng.SuiteRunnerWorker.run(SuiteRunnerWorker.java:86)
	at org.testng.TestNG.runSuitesSequentially(TestNG.java:1224)
	at org.testng.TestNG.runSuitesLocally(TestNG.java:1149)
	at org.testng.TestNG.run(TestNG.java:1057)
	at org.testng.remote.AbstractRemoteTestNG.run(AbstractRemoteTestNG.java:115)
	at org.testng.remote.RemoteTestNG.initAndRun(RemoteTestNG.java:251)
	at org.testng.remote.RemoteTestNG.main(RemoteTestNG.java:77)
]]>
    </failure>
  </testcase> <!-- test -->
</testsuite> <!-- testpackage.testClass -->
